<?xml version="1.0" encoding="UTF-8" standalone="yes"?>
<ns2:test-suite xmlns:ns2="urn:model.allure.qatools.yandex.ru" start="1494565873086" stop="1494566124211" version="1.4.4">
    <name>Regression</name>
    <title>Regression : Desktop</title>
    <test-cases>
        <test-case start="1494565873225" stop="1494566124102" status="broken">
            <name>RegisterAndDeposit</name>
            <failure>
                <message>TimeoutException: Timed out after 20 seconds waiting for visibility of element located by By.xpath: //div//input[@id='textBoxCardNumber']
Build info: version: '2.53.0', revision: '35ae25b1534ae328c771e0856c93e187490ca824', time: '2016-03-15 10:43:46'
System info: host: 'D90D3CQ1', ip: '192.168.156.105', os.name: 'Windows 7', os.arch: 'x86', os.version: '6.1', java.version: '1.7.0_51'
Session ID: 699e8860-5360-425e-9a1b-7e3cba69e86e
Driver info: org.openqa.selenium.ie.InternetExplorerDriver
Capabilities [{platform=WINDOWS, javascriptEnabled=true, elementScrollBehavior=0, ignoreZoomSetting=false, enablePersistentHover=true, ie.ensureCleanSession=false, browserName=internet explorer, enableElementCacheCleanup=true, ie.enableFullPageScreenshot=true, unexpectedAlertBehaviour=dismiss, ie.fileUploadDialogTimeout=3000, ie.forceShellWindowsApi=false, version=11, pageLoadStrategy=normal, ignoreProtectedModeSettings=true, requireWindowFocus=false, initialBrowserUrl=http://localhost:26279/, ie.forceCreateProcessApi=false, nativeEvents=true, browserAttachTimeout=0, ie.browserCommandLineSwitches=}]</message>
                <stack-trace>org.openqa.selenium.TimeoutException: Timed out after 20 seconds waiting for visibility of element located by By.xpath: //div//input[@id='textBoxCardNumber']
Build info: version: '2.53.0', revision: '35ae25b1534ae328c771e0856c93e187490ca824', time: '2016-03-15 10:43:46'
System info: host: 'D90D3CQ1', ip: '192.168.156.105', os.name: 'Windows 7', os.arch: 'x86', os.version: '6.1', java.version: '1.7.0_51'
Session ID: 699e8860-5360-425e-9a1b-7e3cba69e86e
Driver info: org.openqa.selenium.ie.InternetExplorerDriver
Capabilities [{platform=WINDOWS, javascriptEnabled=true, elementScrollBehavior=0, ignoreZoomSetting=false, enablePersistentHover=true, ie.ensureCleanSession=false, browserName=internet explorer, enableElementCacheCleanup=true, ie.enableFullPageScreenshot=true, unexpectedAlertBehaviour=dismiss, ie.fileUploadDialogTimeout=3000, ie.forceShellWindowsApi=false, version=11, pageLoadStrategy=normal, ignoreProtectedModeSettings=true, requireWindowFocus=false, initialBrowserUrl=http://localhost:26279/, ie.forceCreateProcessApi=false, nativeEvents=true, browserAttachTimeout=0, ie.browserCommandLineSwitches=}]
	at org.openqa.selenium.support.ui.WebDriverWait.timeoutException(WebDriverWait.java:80)
	at org.openqa.selenium.support.ui.FluentWait.until(FluentWait.java:261)
	at com.generic.WrapperFunctions.click(WrapperFunctions.java:659)
	at com.pageFactory.desktopGNG.neonReg_PF.registration(neonReg_PF.java:104)
	at com.scripts.desktopGNG.neonReg.RegisterAndDeposit(neonReg.java:22)
	at sun.reflect.NativeMethodAccessorImpl.invoke0(Native Method)
	at sun.reflect.NativeMethodAccessorImpl.invoke(NativeMethodAccessorImpl.java:57)
	at sun.reflect.DelegatingMethodAccessorImpl.invoke(DelegatingMethodAccessorImpl.java:43)
	at java.lang.reflect.Method.invoke(Method.java:606)
	at org.testng.internal.MethodInvocationHelper.invokeMethod(MethodInvocationHelper.java:85)
	at org.testng.internal.Invoker.invokeMethod(Invoker.java:639)
	at org.testng.internal.Invoker.invokeTestMethod(Invoker.java:821)
	at org.testng.internal.Invoker.invokeTestMethods(Invoker.java:1131)
	at org.testng.internal.TestMethodWorker.invokeTestMethods(TestMethodWorker.java:124)
	at org.testng.internal.TestMethodWorker.run(TestMethodWorker.java:108)
	at org.testng.TestRunner.privateRun(TestRunner.java:773)
	at org.testng.TestRunner.run(TestRunner.java:623)
	at org.testng.SuiteRunner.runTest(SuiteRunner.java:357)
	at org.testng.SuiteRunner.runSequentially(SuiteRunner.java:352)
	at org.testng.SuiteRunner.privateRun(SuiteRunner.java:310)
	at org.testng.SuiteRunner.run(SuiteRunner.java:259)
	at org.testng.SuiteRunnerWorker.runSuite(SuiteRunnerWorker.java:52)
	at org.testng.SuiteRunnerWorker.run(SuiteRunnerWorker.java:86)
	at org.testng.TestNG.runSuitesSequentially(TestNG.java:1185)
	at org.testng.TestNG.runSuitesLocally(TestNG.java:1110)
	at org.testng.TestNG.run(TestNG.java:1018)
	at org.apache.maven.surefire.testng.TestNGExecutor.run(TestNGExecutor.java:178)
	at org.apache.maven.surefire.testng.TestNGXmlTestSuite.execute(TestNGXmlTestSuite.java:92)
	at org.apache.maven.surefire.testng.TestNGProvider.invoke(TestNGProvider.java:96)
	at sun.reflect.NativeMethodAccessorImpl.invoke0(Native Method)
	at sun.reflect.NativeMethodAccessorImpl.invoke(NativeMethodAccessorImpl.java:57)
	at sun.reflect.DelegatingMethodAccessorImpl.invoke(DelegatingMethodAccessorImpl.java:43)
	at java.lang.reflect.Method.invoke(Method.java:606)
	at org.apache.maven.surefire.util.ReflectionUtils.invokeMethodWithArray2(ReflectionUtils.java:208)
	at org.apache.maven.surefire.booter.ProviderFactory$ProviderProxy.invoke(ProviderFactory.java:158)
	at org.apache.maven.surefire.booter.ProviderFactory.invokeProvider(ProviderFactory.java:86)
	at org.apache.maven.surefire.booter.ForkedBooter.runSuitesInProcess(ForkedBooter.java:153)
	at org.apache.maven.surefire.booter.ForkedBooter.main(ForkedBooter.java:95)
Caused by: org.openqa.selenium.NoSuchWindowException: Unable to find element on closed window (WARNING: The server did not provide any stacktrace information)
Command duration or timeout: 2 milliseconds
Build info: version: '2.53.0', revision: '35ae25b1534ae328c771e0856c93e187490ca824', time: '2016-03-15 10:43:46'
System info: host: 'D90D3CQ1', ip: '192.168.156.105', os.name: 'Windows 7', os.arch: 'x86', os.version: '6.1', java.version: '1.7.0_51'
*** Element info: {Using=xpath, value=//div//input[@id='textBoxCardNumber']}
Session ID: 699e8860-5360-425e-9a1b-7e3cba69e86e
Driver info: org.openqa.selenium.ie.InternetExplorerDriver
Capabilities [{platform=WINDOWS, javascriptEnabled=true, elementScrollBehavior=0, ignoreZoomSetting=false, enablePersistentHover=true, ie.ensureCleanSession=false, browserName=internet explorer, enableElementCacheCleanup=true, ie.enableFullPageScreenshot=true, unexpectedAlertBehaviour=dismiss, ie.fileUploadDialogTimeout=3000, ie.forceShellWindowsApi=false, version=11, pageLoadStrategy=normal, ignoreProtectedModeSettings=true, requireWindowFocus=false, initialBrowserUrl=http://localhost:26279/, ie.forceCreateProcessApi=false, nativeEvents=true, browserAttachTimeout=0, ie.browserCommandLineSwitches=}]
	at sun.reflect.GeneratedConstructorAccessor29.newInstance(Unknown Source)
	at sun.reflect.DelegatingConstructorAccessorImpl.newInstance(DelegatingConstructorAccessorImpl.java:45)
	at java.lang.reflect.Constructor.newInstance(Constructor.java:526)
	at org.openqa.selenium.remote.ErrorHandler.createThrowable(ErrorHandler.java:206)
	at org.openqa.selenium.remote.ErrorHandler.throwIfResponseFailed(ErrorHandler.java:158)
	at org.openqa.selenium.remote.RemoteWebDriver.execute(RemoteWebDriver.java:678)
	at org.openqa.selenium.remote.RemoteWebDriver.findElement(RemoteWebDriver.java:363)
	at org.openqa.selenium.remote.RemoteWebDriver.findElementByXPath(RemoteWebDriver.java:500)
	at org.openqa.selenium.By$ByXPath.findElement(By.java:361)
	at org.openqa.selenium.remote.RemoteWebDriver.findElement(RemoteWebDriver.java:355)
	at org.openqa.selenium.support.ui.ExpectedConditions.findElement(ExpectedConditions.java:899)
	at org.openqa.selenium.support.ui.ExpectedConditions.access$000(ExpectedConditions.java:41)
	at org.openqa.selenium.support.ui.ExpectedConditions$7.apply(ExpectedConditions.java:205)
	at org.openqa.selenium.support.ui.ExpectedConditions$7.apply(ExpectedConditions.java:201)
	at org.openqa.selenium.support.ui.FluentWait.until(FluentWait.java:238)
	... 36 more
</stack-trace>
            </failure>
            <steps>
                <step start="1494565886857" stop="1494565886895" status="passed">
                    <name>logReporter[Enter username, true, false]</name>
                    <title>Enter username</title>
                </step>
                <step start="1494565887424" stop="1494565887432" status="passed">
                    <name>logReporter[Enter password, true, false]</name>
                    <title>Enter password</title>
                </step>
                <step start="1494565892457" stop="1494565892481" status="passed">
                    <name>logReporter[Click on signBtn, true, false]</name>
                    <title>Click on signBtn</title>
                </step>
                <step start="1494565912756" stop="1494565912787" status="passed">
                    <name>logReporter[Click on customer tab, true, false]</name>
                    <title>Click on customer tab</title>
                </step>
                <step start="1494565913132" stop="1494565913142" status="passed">
                    <name>logReporter[Click on registartion tab, true, false]</name>
                    <title>Click on registartion tab</title>
                </step>
                <step start="1494565917299" stop="1494565917321" status="passed">
                    <name>logReporter[Enter username, true, false]</name>
                    <title>Enter username</title>
                </step>
                <step start="1494565919053" stop="1494565919061" status="passed">
                    <name>logReporter[Click on customer tab, true, false]</name>
                    <title>Click on customer tab</title>
                </step>
                <step start="1494565919624" stop="1494565919634" status="passed">
                    <name>logReporter[Click on customer tab, true, false]</name>
                    <title>Click on customer tab</title>
                </step>
                <step start="1494565920236" stop="1494565920248" status="passed">
                    <name>logReporter[Enter forename, true, false]</name>
                    <title>Enter forename</title>
                </step>
                <step start="1494565920966" stop="1494565920978" status="passed">
                    <name>logReporter[Enter DateOfBirth, true, false]</name>
                    <title>Enter DateOfBirth</title>
                </step>
                <step start="1494565922619" stop="1494565922635" status="passed">
                    <name>logReporter[select gender, true, false]</name>
                    <title>select gender</title>
                </step>
                <step start="1494565982995" stop="1494565983017" status="passed">
                    <name>logReporter[Enter street, false, false]</name>
                    <title>Enter street</title>
                </step>
                <step start="1494566043371" stop="1494566043433" status="passed">
                    <name>logReporter[Enter City, false, false]</name>
                    <title>Enter City</title>
                </step>
            </steps>
            <attachments/>
            <labels>
                <label name="host" value="D90D3CQ1"/>
                <label name="thread" value="6160@D90D3CQ1.main"/>
            </labels>
        </test-case>
    </test-cases>
    <labels>
        <label name="framework" value="TestNG"/>
        <label name="language" value="JAVA"/>
    </labels>
</ns2:test-suite>
