{
  "uid" : "f839e14f623a0515",
  "name" : "depositPayPal",
  "title" : "Deposit using PayPal",
  "time" : {
    "start" : 1487148859939,
    "stop" : 1487149051762,
    "duration" : 191823
  },
  "summary" : {
    "attachments" : 1,
    "steps" : 11
  },
  "failure" : {
    "message" : "AssertionError: expected [true] but found [false]",
    "stackTrace" : "java.lang.AssertionError: expected [true] but found [false]\n\tat org.testng.Assert.fail(Assert.java:94)\n\tat org.testng.Assert.failNotEquals(Assert.java:496)\n\tat org.testng.Assert.assertTrue(Assert.java:42)\n\tat org.testng.Assert.assertTrue(Assert.java:52)\n\tat com.generic.Utilities.addAssertTakeScreenShot(Utilities.java:374)\n\tat com.generic.Utilities.logReporter(Utilities.java:298)\n\tat com.pageFactory.desktopMecca.Deposit_PayPal_PF.depositPayPal(Deposit_PayPal_PF.java:93)\n\tat com.scripts.desktopMecca.Deposit__PayPal.depositPayPal(Deposit__PayPal.java:44)\n\tat sun.reflect.NativeMethodAccessorImpl.invoke0(Native Method)\n\tat sun.reflect.NativeMethodAccessorImpl.invoke(NativeMethodAccessorImpl.java:62)\n\tat sun.reflect.DelegatingMethodAccessorImpl.invoke(DelegatingMethodAccessorImpl.java:43)\n\tat java.lang.reflect.Method.invoke(Method.java:498)\n\tat org.testng.internal.MethodInvocationHelper.invokeMethod(MethodInvocationHelper.java:85)\n\tat org.testng.internal.Invoker.invokeMethod(Invoker.java:639)\n\tat org.testng.internal.Invoker.invokeTestMethod(Invoker.java:821)\n\tat org.testng.internal.Invoker.invokeTestMethods(Invoker.java:1131)\n\tat org.testng.internal.TestMethodWorker.invokeTestMethods(TestMethodWorker.java:124)\n\tat org.testng.internal.TestMethodWorker.run(TestMethodWorker.java:108)\n\tat org.testng.TestRunner.privateRun(TestRunner.java:773)\n\tat org.testng.TestRunner.run(TestRunner.java:623)\n\tat org.testng.SuiteRunner.runTest(SuiteRunner.java:357)\n\tat org.testng.SuiteRunner.runSequentially(SuiteRunner.java:352)\n\tat org.testng.SuiteRunner.privateRun(SuiteRunner.java:310)\n\tat org.testng.SuiteRunner.run(SuiteRunner.java:259)\n\tat org.testng.SuiteRunnerWorker.runSuite(SuiteRunnerWorker.java:52)\n\tat org.testng.SuiteRunnerWorker.run(SuiteRunnerWorker.java:86)\n\tat org.testng.TestNG.runSuitesSequentially(TestNG.java:1185)\n\tat org.testng.TestNG.runSuitesLocally(TestNG.java:1110)\n\tat org.testng.TestNG.run(TestNG.java:1018)\n\tat org.apache.maven.surefire.testng.TestNGExecutor.run(TestNGExecutor.java:178)\n\tat org.apache.maven.surefire.testng.TestNGXmlTestSuite.execute(TestNGXmlTestSuite.java:92)\n\tat org.apache.maven.surefire.testng.TestNGProvider.invoke(TestNGProvider.java:96)\n\tat sun.reflect.NativeMethodAccessorImpl.invoke0(Native Method)\n\tat sun.reflect.NativeMethodAccessorImpl.invoke(NativeMethodAccessorImpl.java:62)\n\tat sun.reflect.DelegatingMethodAccessorImpl.invoke(DelegatingMethodAccessorImpl.java:43)\n\tat java.lang.reflect.Method.invoke(Method.java:498)\n\tat org.apache.maven.surefire.util.ReflectionUtils.invokeMethodWithArray2(ReflectionUtils.java:208)\n\tat org.apache.maven.surefire.booter.ProviderFactory$ProviderProxy.invoke(ProviderFactory.java:158)\n\tat org.apache.maven.surefire.booter.ProviderFactory.invokeProvider(ProviderFactory.java:86)\n\tat org.apache.maven.surefire.booter.ForkedBooter.runSuitesInProcess(ForkedBooter.java:153)\n\tat org.apache.maven.surefire.booter.ForkedBooter.main(ForkedBooter.java:95)\n"
  },
  "description" : null,
  "severity" : "NORMAL",
  "status" : "FAILED",
  "steps" : [ {
    "name" : "login",
    "title" : "Login Mecca desktop site",
    "time" : {
      "start" : 1487148859941,
      "stop" : 1487148866237,
      "duration" : 6296
    },
    "summary" : {
      "attachments" : 0,
      "steps" : 3
    },
    "status" : "PASSED",
    "attachments" : [ ],
    "steps" : [ {
      "name" : "logReporter[Set 'UserName'., mb_test005, true, false]",
      "title" : "Set 'UserName'. - mb_test005",
      "time" : {
        "start" : 1487148860118,
        "stop" : 1487148860130,
        "duration" : 12
      },
      "summary" : {
        "attachments" : 0,
        "steps" : 0
      },
      "status" : "PASSED",
      "attachments" : [ ],
      "steps" : [ ]
    }, {
      "name" : "logReporter[Set 'Password'., Test1234, true, false]",
      "title" : "Set 'Password'. - Test1234",
      "time" : {
        "start" : 1487148860518,
        "stop" : 1487148860547,
        "duration" : 29
      },
      "summary" : {
        "attachments" : 0,
        "steps" : 0
      },
      "status" : "PASSED",
      "attachments" : [ ],
      "steps" : [ ]
    }, {
      "name" : "logReporter[Click 'Sign In'., true, false]",
      "title" : "Click 'Sign In'.",
      "time" : {
        "start" : 1487148861210,
        "stop" : 1487148861235,
        "duration" : 25
      },
      "summary" : {
        "attachments" : 0,
        "steps" : 0
      },
      "status" : "PASSED",
      "attachments" : [ ],
      "steps" : [ ]
    } ]
  }, {
    "name" : "logReporter[Click on 'Deposit' menu , true, false]",
    "title" : "Click on 'Deposit' menu ",
    "time" : {
      "start" : 1487148873464,
      "stop" : 1487148873477,
      "duration" : 13
    },
    "summary" : {
      "attachments" : 0,
      "steps" : 0
    },
    "status" : "PASSED",
    "attachments" : [ ],
    "steps" : [ ]
  }, {
    "name" : "logReporter[Click on '$10' button , true, false]",
    "title" : "Click on '$10' button ",
    "time" : {
      "start" : 1487148883732,
      "stop" : 1487148883761,
      "duration" : 29
    },
    "summary" : {
      "attachments" : 0,
      "steps" : 0
    },
    "status" : "PASSED",
    "attachments" : [ ],
    "steps" : [ ]
  }, {
    "name" : "logReporter[Click on 'submit' button , true, false]",
    "title" : "Click on 'submit' button ",
    "time" : {
      "start" : 1487148884028,
      "stop" : 1487148884047,
      "duration" : 19
    },
    "summary" : {
      "attachments" : 0,
      "steps" : 0
    },
    "status" : "PASSED",
    "attachments" : [ ],
    "steps" : [ ]
  }, {
    "name" : "logReporter[Click on 'Choose payment method', true, false]",
    "title" : "Click on 'Choose payment method'",
    "time" : {
      "start" : 1487148889262,
      "stop" : 1487148889282,
      "duration" : 20
    },
    "summary" : {
      "attachments" : 0,
      "steps" : 0
    },
    "status" : "PASSED",
    "attachments" : [ ],
    "steps" : [ ]
  }, {
    "name" : "logReporter[Click on 'Selected Credit card option', true, false]",
    "title" : "Click on 'Selected Credit card option'",
    "time" : {
      "start" : 1487148889563,
      "stop" : 1487148889579,
      "duration" : 16
    },
    "summary" : {
      "attachments" : 0,
      "steps" : 0
    },
    "status" : "PASSED",
    "attachments" : [ ],
    "steps" : [ ]
  }, {
    "name" : "logReporter[Click on 'Deposit' button , true, false]",
    "title" : "Click on 'Deposit' button ",
    "time" : {
      "start" : 1487148889854,
      "stop" : 1487148889891,
      "duration" : 37
    },
    "summary" : {
      "attachments" : 0,
      "steps" : 0
    },
    "status" : "PASSED",
    "attachments" : [ ],
    "steps" : [ ]
  }, {
    "name" : "logReporter[Enter Email Id, false, false]",
    "title" : "Enter Email Id",
    "time" : {
      "start" : 1487149051291,
      "stop" : 1487149051735,
      "duration" : 444
    },
    "summary" : {
      "attachments" : 1,
      "steps" : 0
    },
    "status" : "FAILED",
    "attachments" : [ {
      "title" : "Screenshot",
      "source" : "4026812c-2a44-40df-acb1-ed3c94922822-attachment.png",
      "type" : "image/png",
      "size" : 51854,
      "uid" : "d97157ba56fc2038"
    } ],
    "steps" : [ ]
  } ],
  "attachments" : [ ],
  "labels" : [ {
    "name" : "host",
    "value" : "D90D3CQ1"
  }, {
    "name" : "thread",
    "value" : "3776@D90D3CQ1.main"
  }, {
    "name" : "framework",
    "value" : "TestNG"
  }, {
    "name" : "language",
    "value" : "JAVA"
  }, {
    "name" : "feature",
    "value" : "Without feature"
  }, {
    "name" : "story",
    "value" : "Without story"
  } ],
  "parameters" : [ ]
}