<?xml version="1.0" encoding="UTF-8"?>
<!-- Generated by org.testng.reporters.JUnitReportReporter -->
<testsuite hostname="D90D3CQ1" name="com.scripts.desktopMecca.Deposit__PayPal" tests="1" failures="0" timestamp="10 Feb 2017 12:22:29 GMT" time="121.469" errors="1">
  <testcase name="depositPayPal" time="121.469" classname="com.scripts.desktopMecca.Deposit__PayPal">
    <error type="java.util.NoSuchElementException" message="Can&#039;t find [[[ChromeDriver: chrome on XP (4429742f0f2ea94f55babee7e0d65418)] -&gt; xpath: //span[@class=&#039;ico apmgw_paysafecard&#039;]]] in dropdown">
      <![CDATA[java.util.NoSuchElementException: Can't find [[[ChromeDriver: chrome on XP (4429742f0f2ea94f55babee7e0d65418)] -> xpath: //span[@class='ico apmgw_paysafecard']]] in dropdown
	at com.generic.WrapperFunctions.selectElementDropDownLocatorSearch(WrapperFunctions.java:2140)
	at com.pageFactory.desktopMecca.Deposit_PayPal_PF.depositPayPal(Deposit_PayPal_PF.java:79)
	at com.scripts.desktopMecca.Deposit__PayPal.depositPayPal(Deposit__PayPal.java:44)
	at sun.reflect.NativeMethodAccessorImpl.invoke0(Native Method)
	at sun.reflect.NativeMethodAccessorImpl.invoke(NativeMethodAccessorImpl.java:62)
	at sun.reflect.DelegatingMethodAccessorImpl.invoke(DelegatingMethodAccessorImpl.java:43)
	at java.lang.reflect.Method.invoke(Method.java:498)
	at org.testng.internal.MethodInvocationHelper.invokeMethod(MethodInvocationHelper.java:85)
	at org.testng.internal.Invoker.invokeMethod(Invoker.java:639)
	at org.testng.internal.Invoker.invokeTestMethod(Invoker.java:821)
	at org.testng.internal.Invoker.invokeTestMethods(Invoker.java:1131)
	at org.testng.internal.TestMethodWorker.invokeTestMethods(TestMethodWorker.java:124)
	at org.testng.internal.TestMethodWorker.run(TestMethodWorker.java:108)
	at org.testng.TestRunner.privateRun(TestRunner.java:773)
	at org.testng.TestRunner.run(TestRunner.java:623)
	at org.testng.SuiteRunner.runTest(SuiteRunner.java:357)
	at org.testng.SuiteRunner.runSequentially(SuiteRunner.java:352)
	at org.testng.SuiteRunner.privateRun(SuiteRunner.java:310)
	at org.testng.SuiteRunner.run(SuiteRunner.java:259)
	at org.testng.SuiteRunnerWorker.runSuite(SuiteRunnerWorker.java:52)
	at org.testng.SuiteRunnerWorker.run(SuiteRunnerWorker.java:86)
	at org.testng.TestNG.runSuitesSequentially(TestNG.java:1185)
	at org.testng.TestNG.runSuitesLocally(TestNG.java:1110)
	at org.testng.TestNG.run(TestNG.java:1018)
	at org.testng.remote.AbstractRemoteTestNG.run(AbstractRemoteTestNG.java:132)
	at org.testng.remote.RemoteTestNG.initAndRun(RemoteTestNG.java:236)
	at org.testng.remote.RemoteTestNG.main(RemoteTestNG.java:81)
]]>
    </error>
  </testcase> <!-- depositPayPal -->
</testsuite> <!-- com.scripts.desktopMecca.Deposit__PayPal -->
